2019-07-27 00:10:50.298 [main] INFO  o.a.catalina.core.StandardService - Starting service [Tomcat]
2019-07-27 00:10:50.300 [main] INFO  o.a.catalina.core.StandardEngine - Starting Servlet Engine: Apache Tomcat/8.5.32
2019-07-27 00:10:50.303 [localhost-startStop-1] INFO  o.a.c.core.AprLifecycleListener - The APR based Apache Tomcat Native library which allows optimal performance in production environments was not found on the java.library.path: [/Users/chenhua/Library/Java/Extensions:/Library/Java/Extensions:/Network/Library/Java/Extensions:/System/Library/Java/Extensions:/usr/lib/java:.]
2019-07-27 00:10:50.365 [localhost-startStop-1] INFO  o.a.c.c.C.[Tomcat].[localhost].[/] - Initializing Spring embedded WebApplicationContext
2019-07-27 00:10:50.470 [main] WARN  o.s.b.w.s.c.AnnotationConfigServletWebServerApplicationContext - Exception encountered during context initialization - cancelling refresh attempt: org.springframework.beans.factory.UnsatisfiedDependencyException: Error creating bean with name 'userApiController': Unsatisfied dependency expressed through field 'userService'; nested exception is org.springframework.beans.factory.NoSuchBeanDefinitionException: No qualifying bean of type 'com.brook.service.UserService' available: expected at least 1 bean which qualifies as autowire candidate. Dependency annotations: {@org.springframework.beans.factory.annotation.Autowired(required=true)}
2019-07-27 00:10:50.473 [main] INFO  o.a.catalina.core.StandardService - Stopping service [Tomcat]
2019-07-27 00:10:50.563 [main] ERROR o.s.b.d.LoggingFailureAnalysisReporter - 

***************************
APPLICATION FAILED TO START
***************************

Description:

Field userService in com.brook.controller.UserApiController required a bean of type 'com.brook.service.UserService' that could not be found.


Action:

Consider defining a bean of type 'com.brook.service.UserService' in your configuration.

2019-07-27 00:14:38.235 [background-preinit] DEBUG o.h.v.i.engine.ValidatorFactoryImpl - HV000234: Using org.hibernate.validator.messageinterpolation.ResourceBundleMessageInterpolator as ValidatorFactory-scoped message interpolator.
2019-07-27 00:14:38.238 [background-preinit] DEBUG o.h.v.i.engine.ValidatorFactoryImpl - HV000234: Using org.hibernate.validator.internal.engine.resolver.TraverseAllTraversableResolver as ValidatorFactory-scoped traversable resolver.
2019-07-27 00:14:38.238 [background-preinit] DEBUG o.h.v.i.engine.ValidatorFactoryImpl - HV000234: Using org.hibernate.validator.internal.util.ExecutableParameterNameProvider as ValidatorFactory-scoped parameter name provider.
2019-07-27 00:14:38.238 [background-preinit] DEBUG o.h.v.i.engine.ValidatorFactoryImpl - HV000234: Using org.hibernate.validator.internal.engine.DefaultClockProvider as ValidatorFactory-scoped clock provider.
2019-07-27 00:14:38.238 [background-preinit] DEBUG o.h.v.i.engine.ValidatorFactoryImpl - HV000234: Using org.hibernate.validator.internal.engine.scripting.DefaultScriptEvaluatorFactory as ValidatorFactory-scoped script evaluator factory.
2019-07-27 00:14:39.363 [main] INFO  o.a.catalina.core.StandardService - Starting service [Tomcat]
2019-07-27 00:14:39.363 [main] INFO  o.a.catalina.core.StandardEngine - Starting Servlet Engine: Apache Tomcat/8.5.32
2019-07-27 00:14:39.366 [localhost-startStop-1] INFO  o.a.c.core.AprLifecycleListener - The APR based Apache Tomcat Native library which allows optimal performance in production environments was not found on the java.library.path: [/Users/chenhua/Library/Java/Extensions:/Library/Java/Extensions:/Network/Library/Java/Extensions:/System/Library/Java/Extensions:/usr/lib/java:.]
2019-07-27 00:14:39.434 [localhost-startStop-1] INFO  o.a.c.c.C.[Tomcat].[localhost].[/] - Initializing Spring embedded WebApplicationContext
2019-07-27 00:14:39.747 [main] DEBUG org.apache.ibatis.logging.LogFactory - Logging initialized using 'class org.apache.ibatis.logging.slf4j.Slf4jImpl' adapter.
2019-07-27 00:14:39.769 [main] DEBUG org.apache.ibatis.io.VFS - Using VFS adapter org.mybatis.spring.boot.autoconfigure.SpringBootVFS
2019-07-27 00:14:39.770 [main] DEBUG org.apache.ibatis.io.ResolverUtil - Checking to see if class com.brook.bean.DateType matches criteria [is assignable to Object]
2019-07-27 00:14:39.770 [main] DEBUG org.apache.ibatis.io.ResolverUtil - Checking to see if class com.brook.bean.OperateCode matches criteria [is assignable to Object]
2019-07-27 00:14:39.770 [main] DEBUG org.apache.ibatis.io.ResolverUtil - Checking to see if class com.brook.bean.OperateResult matches criteria [is assignable to Object]
2019-07-27 00:14:39.770 [main] DEBUG org.apache.ibatis.io.ResolverUtil - Checking to see if class com.brook.bean.PageData matches criteria [is assignable to Object]
2019-07-27 00:14:39.771 [main] DEBUG org.apache.ibatis.io.ResolverUtil - Checking to see if class com.brook.bean.PageTag matches criteria [is assignable to Object]
2019-07-27 00:14:39.771 [main] DEBUG org.apache.ibatis.io.ResolverUtil - Checking to see if class com.brook.bean.User matches criteria [is assignable to Object]
2019-07-27 00:14:39.771 [main] DEBUG org.apache.ibatis.io.ResolverUtil - Checking to see if class com.brook.bean.UserRegister matches criteria [is assignable to Object]
2019-07-27 00:14:39.771 [main] DEBUG org.apache.ibatis.io.ResolverUtil - Checking to see if class com.brook.bean.VcUser matches criteria [is assignable to Object]
2019-07-27 00:14:39.771 [main] DEBUG org.apache.ibatis.io.ResolverUtil - Checking to see if class com.brook.bean.VicrabResult matches criteria [is assignable to Object]
2019-07-27 00:14:40.826 [main] INFO  o.a.tomcat.util.net.NioSelectorPool - Using a shared selector for servlet write/read
2019-07-27 00:14:47.782 [http-nio-4008-exec-1] INFO  o.a.c.c.C.[Tomcat].[localhost].[/] - Initializing Spring FrameworkServlet 'dispatcherServlet'
2019-07-27 00:17:59.052 [main] INFO  o.a.catalina.core.StandardService - Starting service [Tomcat]
2019-07-27 00:17:59.054 [main] INFO  o.a.catalina.core.StandardEngine - Starting Servlet Engine: Apache Tomcat/8.5.32
2019-07-27 00:17:59.057 [localhost-startStop-1] INFO  o.a.c.core.AprLifecycleListener - The APR based Apache Tomcat Native library which allows optimal performance in production environments was not found on the java.library.path: [/Users/chenhua/Library/Java/Extensions:/Library/Java/Extensions:/Network/Library/Java/Extensions:/System/Library/Java/Extensions:/usr/lib/java:.]
2019-07-27 00:17:59.116 [localhost-startStop-1] INFO  o.a.c.c.C.[Tomcat].[localhost].[/] - Initializing Spring embedded WebApplicationContext
2019-07-27 00:17:59.419 [main] DEBUG org.apache.ibatis.logging.LogFactory - Logging initialized using 'class org.apache.ibatis.logging.slf4j.Slf4jImpl' adapter.
2019-07-27 00:17:59.442 [main] DEBUG org.apache.ibatis.io.VFS - Using VFS adapter org.mybatis.spring.boot.autoconfigure.SpringBootVFS
2019-07-27 00:17:59.442 [main] DEBUG org.apache.ibatis.io.ResolverUtil - Checking to see if class com.brook.bean.DateType matches criteria [is assignable to Object]
2019-07-27 00:17:59.443 [main] DEBUG org.apache.ibatis.io.ResolverUtil - Checking to see if class com.brook.bean.OperateCode matches criteria [is assignable to Object]
2019-07-27 00:17:59.443 [main] DEBUG org.apache.ibatis.io.ResolverUtil - Checking to see if class com.brook.bean.OperateResult matches criteria [is assignable to Object]
2019-07-27 00:17:59.443 [main] DEBUG org.apache.ibatis.io.ResolverUtil - Checking to see if class com.brook.bean.PageData matches criteria [is assignable to Object]
2019-07-27 00:17:59.443 [main] DEBUG org.apache.ibatis.io.ResolverUtil - Checking to see if class com.brook.bean.PageTag matches criteria [is assignable to Object]
2019-07-27 00:17:59.443 [main] DEBUG org.apache.ibatis.io.ResolverUtil - Checking to see if class com.brook.bean.User matches criteria [is assignable to Object]
2019-07-27 00:17:59.443 [main] DEBUG org.apache.ibatis.io.ResolverUtil - Checking to see if class com.brook.bean.UserRegister matches criteria [is assignable to Object]
2019-07-27 00:17:59.443 [main] DEBUG org.apache.ibatis.io.ResolverUtil - Checking to see if class com.brook.bean.VcUser matches criteria [is assignable to Object]
2019-07-27 00:17:59.444 [main] DEBUG org.apache.ibatis.io.ResolverUtil - Checking to see if class com.brook.bean.VicrabResult matches criteria [is assignable to Object]
2019-07-27 00:18:00.561 [main] INFO  o.a.tomcat.util.net.NioSelectorPool - Using a shared selector for servlet write/read
2019-07-27 00:23:26.957 [background-preinit] DEBUG o.h.v.i.engine.ValidatorFactoryImpl - HV000234: Using org.hibernate.validator.internal.engine.resolver.TraverseAllTraversableResolver as ValidatorFactory-scoped traversable resolver.
2019-07-27 00:23:26.959 [background-preinit] DEBUG o.h.v.i.engine.ValidatorFactoryImpl - HV000234: Using org.hibernate.validator.internal.util.ExecutableParameterNameProvider as ValidatorFactory-scoped parameter name provider.
2019-07-27 00:23:26.959 [background-preinit] DEBUG o.h.v.i.engine.ValidatorFactoryImpl - HV000234: Using org.hibernate.validator.internal.engine.DefaultClockProvider as ValidatorFactory-scoped clock provider.
2019-07-27 00:23:26.959 [background-preinit] DEBUG o.h.v.i.engine.ValidatorFactoryImpl - HV000234: Using org.hibernate.validator.internal.engine.scripting.DefaultScriptEvaluatorFactory as ValidatorFactory-scoped script evaluator factory.
2019-07-27 00:23:28.074 [main] INFO  o.a.catalina.core.StandardService - Starting service [Tomcat]
2019-07-27 00:23:28.074 [main] INFO  o.a.catalina.core.StandardEngine - Starting Servlet Engine: Apache Tomcat/8.5.32
2019-07-27 00:23:28.077 [localhost-startStop-1] INFO  o.a.c.core.AprLifecycleListener - The APR based Apache Tomcat Native library which allows optimal performance in production environments was not found on the java.library.path: [/Users/chenhua/Library/Java/Extensions:/Library/Java/Extensions:/Network/Library/Java/Extensions:/System/Library/Java/Extensions:/usr/lib/java:.]
2019-07-27 00:23:28.135 [localhost-startStop-1] INFO  o.a.c.c.C.[Tomcat].[localhost].[/] - Initializing Spring embedded WebApplicationContext
2019-07-27 00:23:28.707 [main] DEBUG org.apache.ibatis.logging.LogFactory - Logging initialized using 'class org.apache.ibatis.logging.slf4j.Slf4jImpl' adapter.
2019-07-27 00:23:28.730 [main] DEBUG org.apache.ibatis.io.VFS - Using VFS adapter org.mybatis.spring.boot.autoconfigure.SpringBootVFS
2019-07-27 00:23:28.731 [main] DEBUG org.apache.ibatis.io.ResolverUtil - Checking to see if class com.brook.bean.DateType matches criteria [is assignable to Object]
2019-07-27 00:23:28.731 [main] DEBUG org.apache.ibatis.io.ResolverUtil - Checking to see if class com.brook.bean.OperateCode matches criteria [is assignable to Object]
2019-07-27 00:23:28.732 [main] DEBUG org.apache.ibatis.io.ResolverUtil - Checking to see if class com.brook.bean.OperateResult matches criteria [is assignable to Object]
2019-07-27 00:23:28.732 [main] DEBUG org.apache.ibatis.io.ResolverUtil - Checking to see if class com.brook.bean.PageData matches criteria [is assignable to Object]
2019-07-27 00:23:28.732 [main] DEBUG org.apache.ibatis.io.ResolverUtil - Checking to see if class com.brook.bean.PageTag matches criteria [is assignable to Object]
2019-07-27 00:23:28.732 [main] DEBUG org.apache.ibatis.io.ResolverUtil - Checking to see if class com.brook.bean.User matches criteria [is assignable to Object]
2019-07-27 00:23:28.733 [main] DEBUG org.apache.ibatis.io.ResolverUtil - Checking to see if class com.brook.bean.UserRegister matches criteria [is assignable to Object]
2019-07-27 00:23:28.733 [main] DEBUG org.apache.ibatis.io.ResolverUtil - Checking to see if class com.brook.bean.VcUser matches criteria [is assignable to Object]
2019-07-27 00:23:28.733 [main] DEBUG org.apache.ibatis.io.ResolverUtil - Checking to see if class com.brook.bean.VicrabResult matches criteria [is assignable to Object]
2019-07-27 00:23:29.726 [main] INFO  o.a.tomcat.util.net.NioSelectorPool - Using a shared selector for servlet write/read
2019-07-27 00:30:45.208 [main] INFO  o.a.catalina.core.StandardService - Starting service [Tomcat]
2019-07-27 00:30:45.209 [main] INFO  o.a.catalina.core.StandardEngine - Starting Servlet Engine: Apache Tomcat/8.5.32
2019-07-27 00:30:45.212 [localhost-startStop-1] INFO  o.a.c.core.AprLifecycleListener - The APR based Apache Tomcat Native library which allows optimal performance in production environments was not found on the java.library.path: [/Users/chenhua/Library/Java/Extensions:/Library/Java/Extensions:/Network/Library/Java/Extensions:/System/Library/Java/Extensions:/usr/lib/java:.]
2019-07-27 00:30:45.275 [localhost-startStop-1] INFO  o.a.c.c.C.[Tomcat].[localhost].[/] - Initializing Spring embedded WebApplicationContext
2019-07-27 00:30:45.597 [main] DEBUG org.apache.ibatis.logging.LogFactory - Logging initialized using 'class org.apache.ibatis.logging.slf4j.Slf4jImpl' adapter.
2019-07-27 00:30:45.619 [main] DEBUG org.apache.ibatis.io.VFS - Using VFS adapter org.mybatis.spring.boot.autoconfigure.SpringBootVFS
2019-07-27 00:30:45.620 [main] DEBUG org.apache.ibatis.io.ResolverUtil - Checking to see if class com.brook.bean.DateType matches criteria [is assignable to Object]
2019-07-27 00:30:45.620 [main] DEBUG org.apache.ibatis.io.ResolverUtil - Checking to see if class com.brook.bean.OperateCode matches criteria [is assignable to Object]
2019-07-27 00:30:45.620 [main] DEBUG org.apache.ibatis.io.ResolverUtil - Checking to see if class com.brook.bean.OperateResult matches criteria [is assignable to Object]
2019-07-27 00:30:45.620 [main] DEBUG org.apache.ibatis.io.ResolverUtil - Checking to see if class com.brook.bean.PageData matches criteria [is assignable to Object]
2019-07-27 00:30:45.621 [main] DEBUG org.apache.ibatis.io.ResolverUtil - Checking to see if class com.brook.bean.PageTag matches criteria [is assignable to Object]
2019-07-27 00:30:45.621 [main] DEBUG org.apache.ibatis.io.ResolverUtil - Checking to see if class com.brook.bean.User matches criteria [is assignable to Object]
2019-07-27 00:30:45.621 [main] DEBUG org.apache.ibatis.io.ResolverUtil - Checking to see if class com.brook.bean.UserRegister matches criteria [is assignable to Object]
2019-07-27 00:30:45.621 [main] DEBUG org.apache.ibatis.io.ResolverUtil - Checking to see if class com.brook.bean.VcUser matches criteria [is assignable to Object]
2019-07-27 00:30:45.621 [main] DEBUG org.apache.ibatis.io.ResolverUtil - Checking to see if class com.brook.bean.VicrabResult matches criteria [is assignable to Object]
2019-07-27 00:30:46.793 [main] INFO  o.a.tomcat.util.net.NioSelectorPool - Using a shared selector for servlet write/read
2019-07-27 00:31:17.364 [main] INFO  o.a.catalina.core.StandardService - Starting service [Tomcat]
2019-07-27 00:31:17.365 [main] INFO  o.a.catalina.core.StandardEngine - Starting Servlet Engine: Apache Tomcat/8.5.32
2019-07-27 00:31:17.368 [localhost-startStop-1] INFO  o.a.c.core.AprLifecycleListener - The APR based Apache Tomcat Native library which allows optimal performance in production environments was not found on the java.library.path: [/Users/chenhua/Library/Java/Extensions:/Library/Java/Extensions:/Network/Library/Java/Extensions:/System/Library/Java/Extensions:/usr/lib/java:.]
2019-07-27 00:31:17.431 [localhost-startStop-1] INFO  o.a.c.c.C.[Tomcat].[localhost].[/] - Initializing Spring embedded WebApplicationContext
2019-07-27 00:31:17.732 [main] DEBUG org.apache.ibatis.logging.LogFactory - Logging initialized using 'class org.apache.ibatis.logging.slf4j.Slf4jImpl' adapter.
2019-07-27 00:31:17.755 [main] DEBUG org.apache.ibatis.io.VFS - Using VFS adapter org.mybatis.spring.boot.autoconfigure.SpringBootVFS
2019-07-27 00:31:17.756 [main] DEBUG org.apache.ibatis.io.ResolverUtil - Checking to see if class com.brook.bean.DateType matches criteria [is assignable to Object]
2019-07-27 00:31:17.756 [main] DEBUG org.apache.ibatis.io.ResolverUtil - Checking to see if class com.brook.bean.OperateCode matches criteria [is assignable to Object]
2019-07-27 00:31:17.756 [main] DEBUG org.apache.ibatis.io.ResolverUtil - Checking to see if class com.brook.bean.OperateResult matches criteria [is assignable to Object]
2019-07-27 00:31:17.756 [main] DEBUG org.apache.ibatis.io.ResolverUtil - Checking to see if class com.brook.bean.PageData matches criteria [is assignable to Object]
2019-07-27 00:31:17.756 [main] DEBUG org.apache.ibatis.io.ResolverUtil - Checking to see if class com.brook.bean.PageTag matches criteria [is assignable to Object]
2019-07-27 00:31:17.756 [main] DEBUG org.apache.ibatis.io.ResolverUtil - Checking to see if class com.brook.bean.User matches criteria [is assignable to Object]
2019-07-27 00:31:17.756 [main] DEBUG org.apache.ibatis.io.ResolverUtil - Checking to see if class com.brook.bean.UserRegister matches criteria [is assignable to Object]
2019-07-27 00:31:17.756 [main] DEBUG org.apache.ibatis.io.ResolverUtil - Checking to see if class com.brook.bean.VcUser matches criteria [is assignable to Object]
2019-07-27 00:31:17.757 [main] DEBUG org.apache.ibatis.io.ResolverUtil - Checking to see if class com.brook.bean.VicrabResult matches criteria [is assignable to Object]
2019-07-27 00:31:18.895 [main] INFO  o.a.tomcat.util.net.NioSelectorPool - Using a shared selector for servlet write/read
2019-07-27 00:31:29.061 [http-nio-4008-exec-1] INFO  o.a.c.c.C.[Tomcat].[localhost].[/] - Initializing Spring FrameworkServlet 'dispatcherServlet'
2019-07-27 00:36:38.000 [main] INFO  o.a.catalina.core.StandardService - Starting service [Tomcat]
2019-07-27 00:36:38.002 [main] INFO  o.a.catalina.core.StandardEngine - Starting Servlet Engine: Apache Tomcat/8.5.32
2019-07-27 00:36:38.004 [localhost-startStop-1] INFO  o.a.c.core.AprLifecycleListener - The APR based Apache Tomcat Native library which allows optimal performance in production environments was not found on the java.library.path: [/Users/chenhua/Library/Java/Extensions:/Library/Java/Extensions:/Network/Library/Java/Extensions:/System/Library/Java/Extensions:/usr/lib/java:.]
2019-07-27 00:36:38.065 [localhost-startStop-1] INFO  o.a.c.c.C.[Tomcat].[localhost].[/] - Initializing Spring embedded WebApplicationContext
2019-07-27 00:36:38.377 [main] DEBUG org.apache.ibatis.logging.LogFactory - Logging initialized using 'class org.apache.ibatis.logging.slf4j.Slf4jImpl' adapter.
2019-07-27 00:36:38.399 [main] DEBUG org.apache.ibatis.io.VFS - Using VFS adapter org.mybatis.spring.boot.autoconfigure.SpringBootVFS
2019-07-27 00:36:38.400 [main] DEBUG org.apache.ibatis.io.ResolverUtil - Checking to see if class com.brook.bean.DateType matches criteria [is assignable to Object]
2019-07-27 00:36:38.401 [main] DEBUG org.apache.ibatis.io.ResolverUtil - Checking to see if class com.brook.bean.OperateCode matches criteria [is assignable to Object]
2019-07-27 00:36:38.401 [main] DEBUG org.apache.ibatis.io.ResolverUtil - Checking to see if class com.brook.bean.OperateResult matches criteria [is assignable to Object]
2019-07-27 00:36:38.401 [main] DEBUG org.apache.ibatis.io.ResolverUtil - Checking to see if class com.brook.bean.PageData matches criteria [is assignable to Object]
2019-07-27 00:36:38.401 [main] DEBUG org.apache.ibatis.io.ResolverUtil - Checking to see if class com.brook.bean.PageTag matches criteria [is assignable to Object]
2019-07-27 00:36:38.401 [main] DEBUG org.apache.ibatis.io.ResolverUtil - Checking to see if class com.brook.bean.User matches criteria [is assignable to Object]
2019-07-27 00:36:38.401 [main] DEBUG org.apache.ibatis.io.ResolverUtil - Checking to see if class com.brook.bean.UserRegister matches criteria [is assignable to Object]
2019-07-27 00:36:38.401 [main] DEBUG org.apache.ibatis.io.ResolverUtil - Checking to see if class com.brook.bean.VcUser matches criteria [is assignable to Object]
2019-07-27 00:36:38.401 [main] DEBUG org.apache.ibatis.io.ResolverUtil - Checking to see if class com.brook.bean.VicrabResult matches criteria [is assignable to Object]
2019-07-27 00:36:39.526 [main] INFO  o.a.tomcat.util.net.NioSelectorPool - Using a shared selector for servlet write/read
2019-07-27 00:36:51.462 [http-nio-4008-exec-1] INFO  o.a.c.c.C.[Tomcat].[localhost].[/] - Initializing Spring FrameworkServlet 'dispatcherServlet'
2019-07-27 00:39:50.005 [main] WARN  o.s.b.w.s.c.AnnotationConfigServletWebServerApplicationContext - Exception encountered during context initialization - cancelling refresh attempt: org.springframework.beans.factory.BeanDefinitionStoreException: Failed to parse configuration class [com.brook.boot.Swagger2SpringBoot]; nested exception is org.springframework.context.annotation.ConflictingBeanDefinitionException: Annotation-specified bean name 'swaggerDocumentationConfig' for bean class [com.brook.config.SwaggerDocumentationConfig] conflicts with existing, non-compatible bean definition of same name and class [com.brook.api.SwaggerDocumentationConfig]
2019-07-27 00:39:50.019 [main] ERROR o.s.boot.SpringApplication - Application run failed
org.springframework.beans.factory.BeanDefinitionStoreException: Failed to parse configuration class [com.brook.boot.Swagger2SpringBoot]; nested exception is org.springframework.context.annotation.ConflictingBeanDefinitionException: Annotation-specified bean name 'swaggerDocumentationConfig' for bean class [com.brook.config.SwaggerDocumentationConfig] conflicts with existing, non-compatible bean definition of same name and class [com.brook.api.SwaggerDocumentationConfig]
	at org.springframework.context.annotation.ConfigurationClassParser.parse(ConfigurationClassParser.java:184)
	at org.springframework.context.annotation.ConfigurationClassPostProcessor.processConfigBeanDefinitions(ConfigurationClassPostProcessor.java:316)
	at org.springframework.context.annotation.ConfigurationClassPostProcessor.postProcessBeanDefinitionRegistry(ConfigurationClassPostProcessor.java:233)
	at org.springframework.context.support.PostProcessorRegistrationDelegate.invokeBeanDefinitionRegistryPostProcessors(PostProcessorRegistrationDelegate.java:271)
	at org.springframework.context.support.PostProcessorRegistrationDelegate.invokeBeanFactoryPostProcessors(PostProcessorRegistrationDelegate.java:91)
	at org.springframework.context.support.AbstractApplicationContext.invokeBeanFactoryPostProcessors(AbstractApplicationContext.java:694)
	at org.springframework.context.support.AbstractApplicationContext.refresh(AbstractApplicationContext.java:532)
	at org.springframework.boot.web.servlet.context.ServletWebServerApplicationContext.refresh(ServletWebServerApplicationContext.java:140)
	at org.springframework.boot.SpringApplication.refresh(SpringApplication.java:762)
	at org.springframework.boot.SpringApplication.refreshContext(SpringApplication.java:398)
	at org.springframework.boot.SpringApplication.run(SpringApplication.java:330)
	at com.brook.boot.Swagger2SpringBoot.main(Swagger2SpringBoot.java:21)
Caused by: org.springframework.context.annotation.ConflictingBeanDefinitionException: Annotation-specified bean name 'swaggerDocumentationConfig' for bean class [com.brook.config.SwaggerDocumentationConfig] conflicts with existing, non-compatible bean definition of same name and class [com.brook.api.SwaggerDocumentationConfig]
	at org.springframework.context.annotation.ClassPathBeanDefinitionScanner.checkCandidate(ClassPathBeanDefinitionScanner.java:348)
	at org.springframework.context.annotation.ClassPathBeanDefinitionScanner.doScan(ClassPathBeanDefinitionScanner.java:286)
	at org.springframework.context.annotation.ComponentScanAnnotationParser.parse(ComponentScanAnnotationParser.java:132)
	at org.springframework.context.annotation.ConfigurationClassParser.doProcessConfigurationClass(ConfigurationClassParser.java:288)
	at org.springframework.context.annotation.ConfigurationClassParser.processConfigurationClass(ConfigurationClassParser.java:245)
	at org.springframework.context.annotation.ConfigurationClassParser.parse(ConfigurationClassParser.java:202)
	at org.springframework.context.annotation.ConfigurationClassParser.parse(ConfigurationClassParser.java:170)
	... 11 common frames omitted
2019-07-27 00:41:44.499 [background-preinit] DEBUG o.h.v.i.engine.ValidatorFactoryImpl - HV000234: Using org.hibernate.validator.messageinterpolation.ResourceBundleMessageInterpolator as ValidatorFactory-scoped message interpolator.
2019-07-27 00:41:44.501 [background-preinit] DEBUG o.h.v.i.engine.ValidatorFactoryImpl - HV000234: Using org.hibernate.validator.internal.engine.resolver.TraverseAllTraversableResolver as ValidatorFactory-scoped traversable resolver.
2019-07-27 00:41:44.501 [background-preinit] DEBUG o.h.v.i.engine.ValidatorFactoryImpl - HV000234: Using org.hibernate.validator.internal.util.ExecutableParameterNameProvider as ValidatorFactory-scoped parameter name provider.
2019-07-27 00:41:44.501 [background-preinit] DEBUG o.h.v.i.engine.ValidatorFactoryImpl - HV000234: Using org.hibernate.validator.internal.engine.DefaultClockProvider as ValidatorFactory-scoped clock provider.
2019-07-27 00:41:44.501 [background-preinit] DEBUG o.h.v.i.engine.ValidatorFactoryImpl - HV000234: Using org.hibernate.validator.internal.engine.scripting.DefaultScriptEvaluatorFactory as ValidatorFactory-scoped script evaluator factory.
2019-07-27 00:41:44.750 [main] WARN  o.s.b.w.s.c.AnnotationConfigServletWebServerApplicationContext - Exception encountered during context initialization - cancelling refresh attempt: org.springframework.beans.factory.BeanDefinitionStoreException: Failed to parse configuration class [com.brook.boot.Swagger2SpringBoot]; nested exception is org.springframework.context.annotation.ConflictingBeanDefinitionException: Annotation-specified bean name 'swaggerDocumentationConfig' for bean class [com.brook.config.SwaggerDocumentationConfig] conflicts with existing, non-compatible bean definition of same name and class [com.brook.api.SwaggerDocumentationConfig]
2019-07-27 00:41:44.760 [main] ERROR o.s.boot.SpringApplication - Application run failed
org.springframework.beans.factory.BeanDefinitionStoreException: Failed to parse configuration class [com.brook.boot.Swagger2SpringBoot]; nested exception is org.springframework.context.annotation.ConflictingBeanDefinitionException: Annotation-specified bean name 'swaggerDocumentationConfig' for bean class [com.brook.config.SwaggerDocumentationConfig] conflicts with existing, non-compatible bean definition of same name and class [com.brook.api.SwaggerDocumentationConfig]
	at org.springframework.context.annotation.ConfigurationClassParser.parse(ConfigurationClassParser.java:184)
	at org.springframework.context.annotation.ConfigurationClassPostProcessor.processConfigBeanDefinitions(ConfigurationClassPostProcessor.java:316)
	at org.springframework.context.annotation.ConfigurationClassPostProcessor.postProcessBeanDefinitionRegistry(ConfigurationClassPostProcessor.java:233)
	at org.springframework.context.support.PostProcessorRegistrationDelegate.invokeBeanDefinitionRegistryPostProcessors(PostProcessorRegistrationDelegate.java:271)
	at org.springframework.context.support.PostProcessorRegistrationDelegate.invokeBeanFactoryPostProcessors(PostProcessorRegistrationDelegate.java:91)
	at org.springframework.context.support.AbstractApplicationContext.invokeBeanFactoryPostProcessors(AbstractApplicationContext.java:694)
	at org.springframework.context.support.AbstractApplicationContext.refresh(AbstractApplicationContext.java:532)
	at org.springframework.boot.web.servlet.context.ServletWebServerApplicationContext.refresh(ServletWebServerApplicationContext.java:140)
	at org.springframework.boot.SpringApplication.refresh(SpringApplication.java:762)
	at org.springframework.boot.SpringApplication.refreshContext(SpringApplication.java:398)
	at org.springframework.boot.SpringApplication.run(SpringApplication.java:330)
	at com.brook.boot.Swagger2SpringBoot.main(Swagger2SpringBoot.java:21)
Caused by: org.springframework.context.annotation.ConflictingBeanDefinitionException: Annotation-specified bean name 'swaggerDocumentationConfig' for bean class [com.brook.config.SwaggerDocumentationConfig] conflicts with existing, non-compatible bean definition of same name and class [com.brook.api.SwaggerDocumentationConfig]
	at org.springframework.context.annotation.ClassPathBeanDefinitionScanner.checkCandidate(ClassPathBeanDefinitionScanner.java:348)
	at org.springframework.context.annotation.ClassPathBeanDefinitionScanner.doScan(ClassPathBeanDefinitionScanner.java:286)
	at org.springframework.context.annotation.ComponentScanAnnotationParser.parse(ComponentScanAnnotationParser.java:132)
	at org.springframework.context.annotation.ConfigurationClassParser.doProcessConfigurationClass(ConfigurationClassParser.java:288)
	at org.springframework.context.annotation.ConfigurationClassParser.processConfigurationClass(ConfigurationClassParser.java:245)
	at org.springframework.context.annotation.ConfigurationClassParser.parse(ConfigurationClassParser.java:202)
	at org.springframework.context.annotation.ConfigurationClassParser.parse(ConfigurationClassParser.java:170)
	... 11 common frames omitted
2019-07-27 00:42:29.415 [main] WARN  o.s.b.w.s.c.AnnotationConfigServletWebServerApplicationContext - Exception encountered during context initialization - cancelling refresh attempt: org.springframework.beans.factory.BeanDefinitionStoreException: Failed to parse configuration class [com.brook.boot.Swagger2SpringBoot]; nested exception is org.springframework.context.annotation.ConflictingBeanDefinitionException: Annotation-specified bean name 'swaggerDocumentationConfig' for bean class [com.brook.config.SwaggerDocumentationConfig] conflicts with existing, non-compatible bean definition of same name and class [com.brook.boot.SwaggerDocumentationConfig]
2019-07-27 00:42:29.427 [main] ERROR o.s.boot.SpringApplication - Application run failed
org.springframework.beans.factory.BeanDefinitionStoreException: Failed to parse configuration class [com.brook.boot.Swagger2SpringBoot]; nested exception is org.springframework.context.annotation.ConflictingBeanDefinitionException: Annotation-specified bean name 'swaggerDocumentationConfig' for bean class [com.brook.config.SwaggerDocumentationConfig] conflicts with existing, non-compatible bean definition of same name and class [com.brook.boot.SwaggerDocumentationConfig]
	at org.springframework.context.annotation.ConfigurationClassParser.parse(ConfigurationClassParser.java:184)
	at org.springframework.context.annotation.ConfigurationClassPostProcessor.processConfigBeanDefinitions(ConfigurationClassPostProcessor.java:316)
	at org.springframework.context.annotation.ConfigurationClassPostProcessor.postProcessBeanDefinitionRegistry(ConfigurationClassPostProcessor.java:233)
	at org.springframework.context.support.PostProcessorRegistrationDelegate.invokeBeanDefinitionRegistryPostProcessors(PostProcessorRegistrationDelegate.java:271)
	at org.springframework.context.support.PostProcessorRegistrationDelegate.invokeBeanFactoryPostProcessors(PostProcessorRegistrationDelegate.java:91)
	at org.springframework.context.support.AbstractApplicationContext.invokeBeanFactoryPostProcessors(AbstractApplicationContext.java:694)
	at org.springframework.context.support.AbstractApplicationContext.refresh(AbstractApplicationContext.java:532)
	at org.springframework.boot.web.servlet.context.ServletWebServerApplicationContext.refresh(ServletWebServerApplicationContext.java:140)
	at org.springframework.boot.SpringApplication.refresh(SpringApplication.java:762)
	at org.springframework.boot.SpringApplication.refreshContext(SpringApplication.java:398)
	at org.springframework.boot.SpringApplication.run(SpringApplication.java:330)
	at com.brook.boot.Swagger2SpringBoot.main(Swagger2SpringBoot.java:21)
Caused by: org.springframework.context.annotation.ConflictingBeanDefinitionException: Annotation-specified bean name 'swaggerDocumentationConfig' for bean class [com.brook.config.SwaggerDocumentationConfig] conflicts with existing, non-compatible bean definition of same name and class [com.brook.boot.SwaggerDocumentationConfig]
	at org.springframework.context.annotation.ClassPathBeanDefinitionScanner.checkCandidate(ClassPathBeanDefinitionScanner.java:348)
	at org.springframework.context.annotation.ClassPathBeanDefinitionScanner.doScan(ClassPathBeanDefinitionScanner.java:286)
	at org.springframework.context.annotation.ComponentScanAnnotationParser.parse(ComponentScanAnnotationParser.java:132)
	at org.springframework.context.annotation.ConfigurationClassParser.doProcessConfigurationClass(ConfigurationClassParser.java:288)
	at org.springframework.context.annotation.ConfigurationClassParser.processConfigurationClass(ConfigurationClassParser.java:245)
	at org.springframework.context.annotation.ConfigurationClassParser.parse(ConfigurationClassParser.java:202)
	at org.springframework.context.annotation.ConfigurationClassParser.parse(ConfigurationClassParser.java:170)
	... 11 common frames omitted
2019-07-27 00:43:42.466 [main] INFO  o.a.catalina.core.StandardService - Starting service [Tomcat]
2019-07-27 00:43:42.467 [main] INFO  o.a.catalina.core.StandardEngine - Starting Servlet Engine: Apache Tomcat/8.5.32
2019-07-27 00:43:42.470 [localhost-startStop-1] INFO  o.a.c.core.AprLifecycleListener - The APR based Apache Tomcat Native library which allows optimal performance in production environments was not found on the java.library.path: [/Users/chenhua/Library/Java/Extensions:/Library/Java/Extensions:/Network/Library/Java/Extensions:/System/Library/Java/Extensions:/usr/lib/java:.]
2019-07-27 00:43:42.536 [localhost-startStop-1] INFO  o.a.c.c.C.[Tomcat].[localhost].[/] - Initializing Spring embedded WebApplicationContext
2019-07-27 00:43:42.861 [main] DEBUG org.apache.ibatis.logging.LogFactory - Logging initialized using 'class org.apache.ibatis.logging.slf4j.Slf4jImpl' adapter.
2019-07-27 00:43:42.884 [main] DEBUG org.apache.ibatis.io.VFS - Using VFS adapter org.mybatis.spring.boot.autoconfigure.SpringBootVFS
2019-07-27 00:43:42.885 [main] DEBUG org.apache.ibatis.io.ResolverUtil - Checking to see if class com.brook.bean.DateType matches criteria [is assignable to Object]
2019-07-27 00:43:42.885 [main] DEBUG org.apache.ibatis.io.ResolverUtil - Checking to see if class com.brook.bean.OperateCode matches criteria [is assignable to Object]
2019-07-27 00:43:42.885 [main] DEBUG org.apache.ibatis.io.ResolverUtil - Checking to see if class com.brook.bean.OperateResult matches criteria [is assignable to Object]
2019-07-27 00:43:42.885 [main] DEBUG org.apache.ibatis.io.ResolverUtil - Checking to see if class com.brook.bean.PageData matches criteria [is assignable to Object]
2019-07-27 00:43:42.886 [main] DEBUG org.apache.ibatis.io.ResolverUtil - Checking to see if class com.brook.bean.PageTag matches criteria [is assignable to Object]
2019-07-27 00:43:42.886 [main] DEBUG org.apache.ibatis.io.ResolverUtil - Checking to see if class com.brook.bean.User matches criteria [is assignable to Object]
2019-07-27 00:43:42.886 [main] DEBUG org.apache.ibatis.io.ResolverUtil - Checking to see if class com.brook.bean.UserRegister matches criteria [is assignable to Object]
2019-07-27 00:43:42.886 [main] DEBUG org.apache.ibatis.io.ResolverUtil - Checking to see if class com.brook.bean.VcUser matches criteria [is assignable to Object]
2019-07-27 00:43:42.886 [main] DEBUG org.apache.ibatis.io.ResolverUtil - Checking to see if class com.brook.bean.VicrabResult matches criteria [is assignable to Object]
2019-07-27 00:43:44.107 [main] INFO  o.a.tomcat.util.net.NioSelectorPool - Using a shared selector for servlet write/read
2019-07-27 00:44:42.482 [main] INFO  o.a.catalina.core.StandardService - Starting service [Tomcat]
2019-07-27 00:44:42.484 [main] INFO  o.a.catalina.core.StandardEngine - Starting Servlet Engine: Apache Tomcat/8.5.32
2019-07-27 00:44:42.486 [localhost-startStop-1] INFO  o.a.c.core.AprLifecycleListener - The APR based Apache Tomcat Native library which allows optimal performance in production environments was not found on the java.library.path: [/Users/chenhua/Library/Java/Extensions:/Library/Java/Extensions:/Network/Library/Java/Extensions:/System/Library/Java/Extensions:/usr/lib/java:.]
2019-07-27 00:44:42.548 [localhost-startStop-1] INFO  o.a.c.c.C.[Tomcat].[localhost].[/] - Initializing Spring embedded WebApplicationContext
2019-07-27 00:44:42.864 [main] DEBUG org.apache.ibatis.logging.LogFactory - Logging initialized using 'class org.apache.ibatis.logging.slf4j.Slf4jImpl' adapter.
2019-07-27 00:44:42.887 [main] DEBUG org.apache.ibatis.io.VFS - Using VFS adapter org.mybatis.spring.boot.autoconfigure.SpringBootVFS
2019-07-27 00:44:42.888 [main] DEBUG org.apache.ibatis.io.ResolverUtil - Checking to see if class com.brook.bean.DateType matches criteria [is assignable to Object]
2019-07-27 00:44:42.888 [main] DEBUG org.apache.ibatis.io.ResolverUtil - Checking to see if class com.brook.bean.OperateCode matches criteria [is assignable to Object]
2019-07-27 00:44:42.888 [main] DEBUG org.apache.ibatis.io.ResolverUtil - Checking to see if class com.brook.bean.OperateResult matches criteria [is assignable to Object]
2019-07-27 00:44:42.888 [main] DEBUG org.apache.ibatis.io.ResolverUtil - Checking to see if class com.brook.bean.PageData matches criteria [is assignable to Object]
2019-07-27 00:44:42.888 [main] DEBUG org.apache.ibatis.io.ResolverUtil - Checking to see if class com.brook.bean.PageTag matches criteria [is assignable to Object]
2019-07-27 00:44:42.889 [main] DEBUG org.apache.ibatis.io.ResolverUtil - Checking to see if class com.brook.bean.User matches criteria [is assignable to Object]
2019-07-27 00:44:42.889 [main] DEBUG org.apache.ibatis.io.ResolverUtil - Checking to see if class com.brook.bean.UserRegister matches criteria [is assignable to Object]
2019-07-27 00:44:42.889 [main] DEBUG org.apache.ibatis.io.ResolverUtil - Checking to see if class com.brook.bean.VcUser matches criteria [is assignable to Object]
2019-07-27 00:44:42.889 [main] DEBUG org.apache.ibatis.io.ResolverUtil - Checking to see if class com.brook.bean.VicrabResult matches criteria [is assignable to Object]
2019-07-27 00:44:44.047 [main] INFO  o.a.tomcat.util.net.NioSelectorPool - Using a shared selector for servlet write/read
2019-07-27 00:44:54.054 [http-nio-4008-exec-1] INFO  o.a.c.c.C.[Tomcat].[localhost].[/] - Initializing Spring FrameworkServlet 'dispatcherServlet'
2019-07-27 00:46:40.314 [main] INFO  o.a.catalina.core.StandardService - Starting service [Tomcat]
2019-07-27 00:46:40.315 [main] INFO  o.a.catalina.core.StandardEngine - Starting Servlet Engine: Apache Tomcat/8.5.32
2019-07-27 00:46:40.318 [localhost-startStop-1] INFO  o.a.c.core.AprLifecycleListener - The APR based Apache Tomcat Native library which allows optimal performance in production environments was not found on the java.library.path: [/Users/chenhua/Library/Java/Extensions:/Library/Java/Extensions:/Network/Library/Java/Extensions:/System/Library/Java/Extensions:/usr/lib/java:.]
2019-07-27 00:46:40.380 [localhost-startStop-1] INFO  o.a.c.c.C.[Tomcat].[localhost].[/] - Initializing Spring embedded WebApplicationContext
2019-07-27 00:46:40.492 [main] WARN  o.s.b.w.s.c.AnnotationConfigServletWebServerApplicationContext - Exception encountered during context initialization - cancelling refresh attempt: org.springframework.beans.factory.UnsatisfiedDependencyException: Error creating bean with name 'userApiController': Unsatisfied dependency expressed through field 'userService'; nested exception is org.springframework.beans.factory.NoSuchBeanDefinitionException: No qualifying bean of type 'com.brook.service.UserService' available: expected at least 1 bean which qualifies as autowire candidate. Dependency annotations: {@org.springframework.beans.factory.annotation.Autowired(required=true)}
2019-07-27 00:46:40.494 [main] INFO  o.a.catalina.core.StandardService - Stopping service [Tomcat]
2019-07-27 00:46:40.563 [main] ERROR o.s.b.d.LoggingFailureAnalysisReporter - 

***************************
APPLICATION FAILED TO START
***************************

Description:

Field userService in com.brook.controller.UserApiController required a bean of type 'com.brook.service.UserService' that could not be found.


Action:

Consider defining a bean of type 'com.brook.service.UserService' in your configuration.

2019-07-27 00:48:48.115 [main] INFO  o.a.catalina.core.StandardService - Starting service [Tomcat]
2019-07-27 00:48:48.118 [main] INFO  o.a.catalina.core.StandardEngine - Starting Servlet Engine: Apache Tomcat/8.5.32
2019-07-27 00:48:48.123 [localhost-startStop-1] INFO  o.a.c.core.AprLifecycleListener - The APR based Apache Tomcat Native library which allows optimal performance in production environments was not found on the java.library.path: [/Users/chenhua/Library/Java/Extensions:/Library/Java/Extensions:/Network/Library/Java/Extensions:/System/Library/Java/Extensions:/usr/lib/java:.]
2019-07-27 00:48:48.193 [localhost-startStop-1] INFO  o.a.c.c.C.[Tomcat].[localhost].[/] - Initializing Spring embedded WebApplicationContext
2019-07-27 00:48:48.303 [main] WARN  o.s.b.w.s.c.AnnotationConfigServletWebServerApplicationContext - Exception encountered during context initialization - cancelling refresh attempt: org.springframework.beans.factory.UnsatisfiedDependencyException: Error creating bean with name 'userApiController': Unsatisfied dependency expressed through field 'userService'; nested exception is org.springframework.beans.factory.NoSuchBeanDefinitionException: No qualifying bean of type 'com.brook.service.UserService' available: expected at least 1 bean which qualifies as autowire candidate. Dependency annotations: {@org.springframework.beans.factory.annotation.Autowired(required=true)}
2019-07-27 00:48:48.305 [main] INFO  o.a.catalina.core.StandardService - Stopping service [Tomcat]
2019-07-27 00:48:48.373 [main] ERROR o.s.b.d.LoggingFailureAnalysisReporter - 

***************************
APPLICATION FAILED TO START
***************************

Description:

Field userService in com.brook.controller.UserApiController required a bean of type 'com.brook.service.UserService' that could not be found.


Action:

Consider defining a bean of type 'com.brook.service.UserService' in your configuration.

2019-07-27 00:50:28.507 [main] INFO  o.a.catalina.core.StandardService - Starting service [Tomcat]
2019-07-27 00:50:28.508 [main] INFO  o.a.catalina.core.StandardEngine - Starting Servlet Engine: Apache Tomcat/8.5.32
2019-07-27 00:50:28.511 [localhost-startStop-1] INFO  o.a.c.core.AprLifecycleListener - The APR based Apache Tomcat Native library which allows optimal performance in production environments was not found on the java.library.path: [/Users/chenhua/Library/Java/Extensions:/Library/Java/Extensions:/Network/Library/Java/Extensions:/System/Library/Java/Extensions:/usr/lib/java:.]
2019-07-27 00:50:28.571 [localhost-startStop-1] INFO  o.a.c.c.C.[Tomcat].[localhost].[/] - Initializing Spring embedded WebApplicationContext
2019-07-27 00:50:28.888 [main] DEBUG org.apache.ibatis.logging.LogFactory - Logging initialized using 'class org.apache.ibatis.logging.slf4j.Slf4jImpl' adapter.
2019-07-27 00:50:28.910 [main] DEBUG org.apache.ibatis.io.VFS - Using VFS adapter org.mybatis.spring.boot.autoconfigure.SpringBootVFS
2019-07-27 00:50:28.911 [main] DEBUG org.apache.ibatis.io.ResolverUtil - Checking to see if class com.brook.bean.DateType matches criteria [is assignable to Object]
2019-07-27 00:50:28.911 [main] DEBUG org.apache.ibatis.io.ResolverUtil - Checking to see if class com.brook.bean.OperateCode matches criteria [is assignable to Object]
2019-07-27 00:50:28.911 [main] DEBUG org.apache.ibatis.io.ResolverUtil - Checking to see if class com.brook.bean.OperateResult matches criteria [is assignable to Object]
2019-07-27 00:50:28.911 [main] DEBUG org.apache.ibatis.io.ResolverUtil - Checking to see if class com.brook.bean.PageData matches criteria [is assignable to Object]
2019-07-27 00:50:28.912 [main] DEBUG org.apache.ibatis.io.ResolverUtil - Checking to see if class com.brook.bean.PageTag matches criteria [is assignable to Object]
2019-07-27 00:50:28.912 [main] DEBUG org.apache.ibatis.io.ResolverUtil - Checking to see if class com.brook.bean.User matches criteria [is assignable to Object]
2019-07-27 00:50:28.912 [main] DEBUG org.apache.ibatis.io.ResolverUtil - Checking to see if class com.brook.bean.UserRegister matches criteria [is assignable to Object]
2019-07-27 00:50:28.912 [main] DEBUG org.apache.ibatis.io.ResolverUtil - Checking to see if class com.brook.bean.VcUser matches criteria [is assignable to Object]
2019-07-27 00:50:28.912 [main] DEBUG org.apache.ibatis.io.ResolverUtil - Checking to see if class com.brook.bean.VicrabResult matches criteria [is assignable to Object]
2019-07-27 00:50:30.115 [main] INFO  o.a.tomcat.util.net.NioSelectorPool - Using a shared selector for servlet write/read
2019-07-27 00:50:49.257 [http-nio-4008-exec-1] INFO  o.a.c.c.C.[Tomcat].[localhost].[/] - Initializing Spring FrameworkServlet 'dispatcherServlet'
2019-07-27 00:53:34.531 [http-nio-4008-exec-3] ERROR c.brook.controller.UserApiController - api login error.{}
java.lang.NullPointerException: null
	at com.brook.controller.UserApiController.login(UserApiController.java:92)
	at sun.reflect.NativeMethodAccessorImpl.invoke0(Native Method)
	at sun.reflect.NativeMethodAccessorImpl.invoke(NativeMethodAccessorImpl.java:62)
	at sun.reflect.DelegatingMethodAccessorImpl.invoke(DelegatingMethodAccessorImpl.java:43)
	at java.lang.reflect.Method.invoke(Method.java:498)
	at org.springframework.web.method.support.InvocableHandlerMethod.doInvoke(InvocableHandlerMethod.java:209)
	at org.springframework.web.method.support.InvocableHandlerMethod.invokeForRequest(InvocableHandlerMethod.java:136)
	at org.springframework.web.servlet.mvc.method.annotation.ServletInvocableHandlerMethod.invokeAndHandle(ServletInvocableHandlerMethod.java:102)
	at org.springframework.web.servlet.mvc.method.annotation.RequestMappingHandlerAdapter.invokeHandlerMethod(RequestMappingHandlerAdapter.java:877)
	at org.springframework.web.servlet.mvc.method.annotation.RequestMappingHandlerAdapter.handleInternal(RequestMappingHandlerAdapter.java:783)
	at org.springframework.web.servlet.mvc.method.AbstractHandlerMethodAdapter.handle(AbstractHandlerMethodAdapter.java:87)
	at org.springframework.web.servlet.DispatcherServlet.doDispatch(DispatcherServlet.java:991)
	at org.springframework.web.servlet.DispatcherServlet.doService(DispatcherServlet.java:925)
	at org.springframework.web.servlet.FrameworkServlet.processRequest(FrameworkServlet.java:974)
	at org.springframework.web.servlet.FrameworkServlet.doPost(FrameworkServlet.java:877)
	at javax.servlet.http.HttpServlet.service(HttpServlet.java:661)
	at org.springframework.web.servlet.FrameworkServlet.service(FrameworkServlet.java:851)
	at javax.servlet.http.HttpServlet.service(HttpServlet.java:742)
	at org.apache.catalina.core.ApplicationFilterChain.internalDoFilter(ApplicationFilterChain.java:231)
	at org.apache.catalina.core.ApplicationFilterChain.doFilter(ApplicationFilterChain.java:166)
	at org.apache.tomcat.websocket.server.WsFilter.doFilter(WsFilter.java:52)
	at org.apache.catalina.core.ApplicationFilterChain.internalDoFilter(ApplicationFilterChain.java:193)
	at org.apache.catalina.core.ApplicationFilterChain.doFilter(ApplicationFilterChain.java:166)
	at com.github.xiaoymin.swaggerbootstrapui.filter.SecurityBasicAuthFilter.doFilter(SecurityBasicAuthFilter.java:80)
	at org.apache.catalina.core.ApplicationFilterChain.internalDoFilter(ApplicationFilterChain.java:193)
	at org.apache.catalina.core.ApplicationFilterChain.doFilter(ApplicationFilterChain.java:166)
	at com.github.xiaoymin.swaggerbootstrapui.filter.ProductionSecurityFilter.doFilter(ProductionSecurityFilter.java:53)
	at org.apache.catalina.core.ApplicationFilterChain.internalDoFilter(ApplicationFilterChain.java:193)
	at org.apache.catalina.core.ApplicationFilterChain.doFilter(ApplicationFilterChain.java:166)
	at com.brook.filter.CorsFilter.doFilter(CorsFilter.java:22)
	at org.apache.catalina.core.ApplicationFilterChain.internalDoFilter(ApplicationFilterChain.java:193)
	at org.apache.catalina.core.ApplicationFilterChain.doFilter(ApplicationFilterChain.java:166)
	at com.alibaba.druid.support.http.WebStatFilter.doFilter(WebStatFilter.java:123)
	at org.apache.catalina.core.ApplicationFilterChain.internalDoFilter(ApplicationFilterChain.java:193)
	at org.apache.catalina.core.ApplicationFilterChain.doFilter(ApplicationFilterChain.java:166)
	at org.springframework.web.filter.RequestContextFilter.doFilterInternal(RequestContextFilter.java:99)
	at org.springframework.web.filter.OncePerRequestFilter.doFilter(OncePerRequestFilter.java:107)
	at org.apache.catalina.core.ApplicationFilterChain.internalDoFilter(ApplicationFilterChain.java:193)
	at org.apache.catalina.core.ApplicationFilterChain.doFilter(ApplicationFilterChain.java:166)
	at org.springframework.web.filter.HttpPutFormContentFilter.doFilterInternal(HttpPutFormContentFilter.java:109)
	at org.springframework.web.filter.OncePerRequestFilter.doFilter(OncePerRequestFilter.java:107)
	at org.apache.catalina.core.ApplicationFilterChain.internalDoFilter(ApplicationFilterChain.java:193)
	at org.apache.catalina.core.ApplicationFilterChain.doFilter(ApplicationFilterChain.java:166)
	at org.springframework.web.filter.HiddenHttpMethodFilter.doFilterInternal(HiddenHttpMethodFilter.java:93)
	at org.springframework.web.filter.OncePerRequestFilter.doFilter(OncePerRequestFilter.java:107)
	at org.apache.catalina.core.ApplicationFilterChain.internalDoFilter(ApplicationFilterChain.java:193)
	at org.apache.catalina.core.ApplicationFilterChain.doFilter(ApplicationFilterChain.java:166)
	at org.springframework.web.filter.CharacterEncodingFilter.doFilterInternal(CharacterEncodingFilter.java:200)
	at org.springframework.web.filter.OncePerRequestFilter.doFilter(OncePerRequestFilter.java:107)
	at org.apache.catalina.core.ApplicationFilterChain.internalDoFilter(ApplicationFilterChain.java:193)
	at org.apache.catalina.core.ApplicationFilterChain.doFilter(ApplicationFilterChain.java:166)
	at org.apache.catalina.core.StandardWrapperValve.invoke(StandardWrapperValve.java:198)
	at org.apache.catalina.core.StandardContextValve.invoke(StandardContextValve.java:96)
	at org.apache.catalina.authenticator.AuthenticatorBase.invoke(AuthenticatorBase.java:493)
	at org.apache.catalina.core.StandardHostValve.invoke(StandardHostValve.java:140)
	at org.apache.catalina.valves.ErrorReportValve.invoke(ErrorReportValve.java:81)
	at org.apache.catalina.core.StandardEngineValve.invoke(StandardEngineValve.java:87)
	at org.apache.catalina.connector.CoyoteAdapter.service(CoyoteAdapter.java:342)
	at org.apache.coyote.http11.Http11Processor.service(Http11Processor.java:800)
	at org.apache.coyote.AbstractProcessorLight.process(AbstractProcessorLight.java:66)
	at org.apache.coyote.AbstractProtocol$ConnectionHandler.process(AbstractProtocol.java:800)
	at org.apache.tomcat.util.net.NioEndpoint$SocketProcessor.doRun(NioEndpoint.java:1471)
	at org.apache.tomcat.util.net.SocketProcessorBase.run(SocketProcessorBase.java:49)
	at java.util.concurrent.ThreadPoolExecutor.runWorker(ThreadPoolExecutor.java:1149)
	at java.util.concurrent.ThreadPoolExecutor$Worker.run(ThreadPoolExecutor.java:624)
	at org.apache.tomcat.util.threads.TaskThread$WrappingRunnable.run(TaskThread.java:61)
	at java.lang.Thread.run(Thread.java:748)
